  main.cpp
D:\Project\OOP_6.1\OOP_6.1\Array.h(28,15): warning C5040: dynamic exception specifications are valid only in C++14 and earlier; treating as noexcept(false)
  (compiling source file 'main.cpp')
  
D:\Project\OOP_6.1\OOP_6.1\Array.h(31,15): warning C5040: dynamic exception specifications are valid only in C++14 and earlier; treating as noexcept(false)
  (compiling source file 'main.cpp')
  
D:\Project\OOP_6.1\OOP_6.1\Array.h(34,15): warning C5040: dynamic exception specifications are valid only in C++14 and earlier; treating as noexcept(false)
  (compiling source file 'main.cpp')
  
D:\Project\OOP_6.1\OOP_6.1\Array.h(37,15): warning C5040: dynamic exception specifications are valid only in C++14 and earlier; treating as noexcept(false)
  (compiling source file 'main.cpp')
  
D:\Project\OOP_6.1\OOP_6.1\Array.h(53,49): warning C5040: dynamic exception specifications are valid only in C++14 and earlier; treating as noexcept(false)
  (compiling source file 'main.cpp')
  
D:\Project\OOP_6.1\OOP_6.1\Array.h(56,51): warning C5040: dynamic exception specifications are valid only in C++14 and earlier; treating as noexcept(false)
  (compiling source file 'main.cpp')
  
D:\Project\OOP_6.1\OOP_6.1\Array.h(57,57): warning C5040: dynamic exception specifications are valid only in C++14 and earlier; treating as noexcept(false)
  (compiling source file 'main.cpp')
  
  Task.cpp
D:\Project\OOP_6.1\OOP_6.1\Array.h(28,15): warning C5040: dynamic exception specifications are valid only in C++14 and earlier; treating as noexcept(false)
  (compiling source file 'Task.cpp')
  
D:\Project\OOP_6.1\OOP_6.1\Array.h(31,15): warning C5040: dynamic exception specifications are valid only in C++14 and earlier; treating as noexcept(false)
  (compiling source file 'Task.cpp')
  
D:\Project\OOP_6.1\OOP_6.1\Array.h(34,15): warning C5040: dynamic exception specifications are valid only in C++14 and earlier; treating as noexcept(false)
  (compiling source file 'Task.cpp')
  
D:\Project\OOP_6.1\OOP_6.1\Array.h(37,15): warning C5040: dynamic exception specifications are valid only in C++14 and earlier; treating as noexcept(false)
  (compiling source file 'Task.cpp')
  
D:\Project\OOP_6.1\OOP_6.1\Array.h(53,49): warning C5040: dynamic exception specifications are valid only in C++14 and earlier; treating as noexcept(false)
  (compiling source file 'Task.cpp')
  
D:\Project\OOP_6.1\OOP_6.1\Array.h(56,51): warning C5040: dynamic exception specifications are valid only in C++14 and earlier; treating as noexcept(false)
  (compiling source file 'Task.cpp')
  
D:\Project\OOP_6.1\OOP_6.1\Array.h(57,57): warning C5040: dynamic exception specifications are valid only in C++14 and earlier; treating as noexcept(false)
  (compiling source file 'Task.cpp')
  
  Generating Code...
  OOP_6.1.vcxproj -> D:\Project\OOP_6.1\x64\Debug\OOP_6.1.exe
